{
  level: 'warn',
  message: 'HTTP POST /api/admin/signin',
  metadata: {
    meta: {
      req: {
        url: '/api/admin/signin',
        headers: {
          host: 'localhost:3001',
          connection: 'keep-alive',
          'content-length': '73',
          'sec-ch-ua': '"Microsoft Edge";v="125", "Chromium";v="125", "Not.A/Brand";v="24"',
          accept: 'application/json, text/plain, */*',
          'content-type': 'application/json',
          'sec-ch-ua-mobile': '?0',
          'user-agent': 'Mozilla/5.0 (Windows NT 10.0; Win64; x64) AppleWebKit/537.36 (KHTML, like Gecko) Chrome/125.0.0.0 Safari/537.36 Edg/125.0.0.0',
          'sec-ch-ua-platform': '"Windows"',
          origin: 'http://localhost:5000',
          'sec-fetch-site': 'same-site',
          'sec-fetch-mode': 'cors',
          'sec-fetch-dest': 'empty',
          referer: 'http://localhost:5000/',
          'accept-encoding': 'gzip, deflate, br, zstd',
          'accept-language': 'en-US,en;q=0.9'
        },
        method: 'POST',
        httpVersion: '1.1',
        originalUrl: '/api/admin/signin',
        query: {}
      },
      res: { statusCode: 401 },
      responseTime: 74
    },
    timestamp: '2024-06-01T17:27:11.608Z'
  }
}
